<?xml version="1.0" encoding="UTF-8"?>
<!-- Generated by org.testng.reporters.JUnitReportReporter -->
<testsuite hostname="user-PC" name="com.test1.DemoA" tests="1" failures="0" timestamp="24 Feb 2020 05:15:38 GMT" time="23.125" errors="0">
  <testcase name="test" time="23.125" classname="com.test1.DemoA"/>
</testsuite> <!-- com.test1.DemoA -->
